Using pre-set license
Built from '2021.1/staging' branch; Version is '2021.1.5f1 (3737af19df53) revision 3618735'; Using compiler version '192528614'; Build Type 'Release'
OS: 'Windows 10 Pro; OS build 19041.1052; Version 2004; 64bit' Language: 'es' Physical Memory: 16320 MB
BatchMode: 1, IsHumanControllingUs: 0, StartBugReporterOnCrash: 0, Is64bit: 1, IsPro: 0

 COMMAND LINE ARGUMENTS:
C:\Program Files\Unity\Hub\Editor\2021.1.5f1\Editor\Unity.exe
-adb2
-batchMode
-noUpm
-name
AssetImportWorker0
-projectPath
C:/Users/Felipe/Desktop/Garalinda/Garalinda
-logFile
Logs/AssetImportWorker0.log
-srvPort
49299
Successfully changed project path to: C:/Users/Felipe/Desktop/Garalinda/Garalinda
C:/Users/Felipe/Desktop/Garalinda/Garalinda
Using Asset Import Pipeline V2.
Refreshing native plugins compatible for Editor in 137.01 ms, found 2 plugins.
Preloading 0 native plugins for Editor in 0.00 ms.
Initialize engine version: 2021.1.5f1 (3737af19df53)
[Subsystems] Discovering subsystems at path C:/Program Files/Unity/Hub/Editor/2021.1.5f1/Editor/Data/Resources/UnitySubsystems
[Subsystems] Discovering subsystems at path C:/Users/Felipe/Desktop/Garalinda/Garalinda/Assets
GfxDevice: creating device client; threaded=0; jobified=0
Direct3D:
    Version:  Direct3D 11.0 [level 11.1]
    Renderer: NVIDIA GeForce GTX 970 (ID=0x13c2)
    Vendor:   NVIDIA
    VRAM:     4043 MB
    Driver:   27.21.14.5671
Initialize mono
Mono path[0] = 'C:/Program Files/Unity/Hub/Editor/2021.1.5f1/Editor/Data/Managed'
Mono path[1] = 'C:/Program Files/Unity/Hub/Editor/2021.1.5f1/Editor/Data/MonoBleedingEdge/lib/mono/unityjit'
Mono config path = 'C:/Program Files/Unity/Hub/Editor/2021.1.5f1/Editor/Data/MonoBleedingEdge/etc'
Using monoOptions --debugger-agent=transport=dt_socket,embedding=1,server=y,suspend=n,address=127.0.0.1:56568
Begin MonoManager ReloadAssembly
Registering precompiled unity dll's ...
Register platform support module: C:/Program Files/Unity/Hub/Editor/2021.1.5f1/Editor/Data/PlaybackEngines/WindowsStandaloneSupport/UnityEditor.WindowsStandalone.Extensions.dll
Registered in 0.002918 seconds.
Native extension for WindowsStandalone target not found
Refreshing native plugins compatible for Editor in 146.67 ms, found 2 plugins.
Preloading 0 native plugins for Editor in 0.00 ms.
Mono: successfully reloaded assembly
- Completed reload, in  2.928 seconds
Platform modules already initialized, skipping
Registering precompiled user dll's ...
Registered in 0.005038 seconds.
Begin MonoManager ReloadAssembly
Native extension for WindowsStandalone target not found
Refreshing native plugins compatible for Editor in 148.32 ms, found 2 plugins.
Preloading 0 native plugins for Editor in 0.00 ms.
Mono: successfully reloaded assembly
- Completed reload, in  1.532 seconds
Platform modules already initialized, skipping
========================================================================
Worker process is ready to serve import requests
Launched and connected shader compiler UnityShaderCompiler.exe after 0.07 seconds
Refreshing native plugins compatible for Editor in 1.04 ms, found 2 plugins.
Preloading 0 native plugins for Editor in 0.00 ms.
Unloading 3397 Unused Serialized files (Serialized files now loaded: 0)
System memory in use before: 129.0 MB.
System memory in use after: 129.0 MB.

Unloading 29 unused Assets to reduce memory usage. Loaded Objects now: 3850.
Total: 3.345100 ms (FindLiveObjects: 0.351300 ms CreateObjectMapping: 0.107800 ms MarkObjects: 2.722900 ms  DeleteObjects: 0.161800 ms)

========================================================================
Received Import Request.
  path: Assets/Scenes/Zona 4.unity
  artifactKey: Guid(a304a666718be4446a510fb70cad2f6a) Importer(815301076,1909f56bfc062723c751e8b465ee728b)
Start importing Assets/Scenes/Zona 4.unity using Guid(a304a666718be4446a510fb70cad2f6a) Importer(815301076,1909f56bfc062723c751e8b465ee728b)  -> (artifact id: '813a1a2ac137f0573acafa3680795c18') in 0.025558 seconds 
========================================================================
Received Import Request.
  Time since last request: 7.217585 seconds.
  path: Assets/Scenes/Zona 2.unity
  artifactKey: Guid(d8232ce5a0ecee54db45d594fdbb09cc) Importer(815301076,1909f56bfc062723c751e8b465ee728b)
Start importing Assets/Scenes/Zona 2.unity using Guid(d8232ce5a0ecee54db45d594fdbb09cc) Importer(815301076,1909f56bfc062723c751e8b465ee728b)  -> (artifact id: 'ead4c3cc85106f4e86b9b85caec0b0a9') in 0.011617 seconds 
========================================================================
Received Import Request.
  Time since last request: 37.582066 seconds.
  path: Assets/Scenes/Zona 2.unity
  artifactKey: Guid(d8232ce5a0ecee54db45d594fdbb09cc) Importer(815301076,1909f56bfc062723c751e8b465ee728b)
Start importing Assets/Scenes/Zona 2.unity using Guid(d8232ce5a0ecee54db45d594fdbb09cc) Importer(815301076,1909f56bfc062723c751e8b465ee728b)  -> (artifact id: '5842eb9709665a24011a347e365d81e9') in 0.004001 seconds 
========================================================================
Received Import Request.
  Time since last request: 4.704085 seconds.
  path: Assets/Scenes/Zona 3.unity
  artifactKey: Guid(bd2e46ffc03a783458b6fa51a3bc13e5) Importer(815301076,1909f56bfc062723c751e8b465ee728b)
Start importing Assets/Scenes/Zona 3.unity using Guid(bd2e46ffc03a783458b6fa51a3bc13e5) Importer(815301076,1909f56bfc062723c751e8b465ee728b)  -> (artifact id: '8f0cfc3e24343830c4d17eab9b55a32f') in 0.008905 seconds 
========================================================================
Received Import Request.
  Time since last request: 12.329997 seconds.
  path: Assets/Scenes/Zona 4.unity
  artifactKey: Guid(a304a666718be4446a510fb70cad2f6a) Importer(815301076,1909f56bfc062723c751e8b465ee728b)
Start importing Assets/Scenes/Zona 4.unity using Guid(a304a666718be4446a510fb70cad2f6a) Importer(815301076,1909f56bfc062723c751e8b465ee728b)  -> (artifact id: '0c7ec322bd87c406b155773e0a6014ba') in 0.003681 seconds 
========================================================================
Received Import Request.
  Time since last request: 17.416823 seconds.
  path: Assets/Scenes/Zona de prueba.unity
  artifactKey: Guid(2cda990e2423bbf4892e6590ba056729) Importer(815301076,1909f56bfc062723c751e8b465ee728b)
Start importing Assets/Scenes/Zona de prueba.unity using Guid(2cda990e2423bbf4892e6590ba056729) Importer(815301076,1909f56bfc062723c751e8b465ee728b)  -> (artifact id: '316e495840a629b966f91eeeee15bab3') in 0.009126 seconds 
========================================================================
Received Prepare
Registering precompiled user dll's ...
Registered in 0.005937 seconds.
Begin MonoManager ReloadAssembly
Native extension for WindowsStandalone target not found
Refreshing native plugins compatible for Editor in 1.03 ms, found 2 plugins.
Preloading 0 native plugins for Editor in 0.00 ms.
Mono: successfully reloaded assembly
- Completed reload, in  1.482 seconds
Platform modules already initialized, skipping
Refreshing native plugins compatible for Editor in 1.09 ms, found 2 plugins.
Preloading 0 native plugins for Editor in 0.00 ms.
Unloading 3392 Unused Serialized files (Serialized files now loaded: 0)
System memory in use before: 129.0 MB.
System memory in use after: 129.1 MB.

Unloading 17 unused Assets to reduce memory usage. Loaded Objects now: 3854.
Total: 3.349400 ms (FindLiveObjects: 0.391900 ms CreateObjectMapping: 0.106900 ms MarkObjects: 2.686400 ms  DeleteObjects: 0.163000 ms)

========================================================================
Received Prepare
Refreshing native plugins compatible for Editor in 4.41 ms, found 2 plugins.
Preloading 0 native plugins for Editor in 0.00 ms.
Unloading 15 Unused Serialized files (Serialized files now loaded: 0)
System memory in use before: 62.1 MB.
System memory in use after: 62.3 MB.

Unloading 15 unused Assets to reduce memory usage. Loaded Objects now: 3854.
Total: 3.062100 ms (FindLiveObjects: 0.337600 ms CreateObjectMapping: 0.103800 ms MarkObjects: 2.496400 ms  DeleteObjects: 0.123300 ms)

========================================================================
Received Prepare
Refreshing native plugins compatible for Editor in 4.68 ms, found 2 plugins.
Preloading 0 native plugins for Editor in 0.00 ms.
Unloading 15 Unused Serialized files (Serialized files now loaded: 0)
System memory in use before: 62.2 MB.
System memory in use after: 62.3 MB.

Unloading 15 unused Assets to reduce memory usage. Loaded Objects now: 3854.
Total: 3.920600 ms (FindLiveObjects: 0.433700 ms CreateObjectMapping: 0.118600 ms MarkObjects: 3.222100 ms  DeleteObjects: 0.144900 ms)

========================================================================
Received Prepare
Refreshing native plugins compatible for Editor in 4.65 ms, found 2 plugins.
Preloading 0 native plugins for Editor in 0.00 ms.
Unloading 15 Unused Serialized files (Serialized files now loaded: 0)
System memory in use before: 62.2 MB.
System memory in use after: 62.3 MB.

Unloading 15 unused Assets to reduce memory usage. Loaded Objects now: 3854.
Total: 3.485300 ms (FindLiveObjects: 0.363100 ms CreateObjectMapping: 0.110000 ms MarkObjects: 2.880300 ms  DeleteObjects: 0.131000 ms)

AssetImportWorkerClient::OnTransportError - code=2 error=End of file
